[www.2gethr.xyz/index.html]
[backblue.gif]
[fade.gif]
[index.html]
[uploads-ssl.webflow.com/5d9f64ed50ffcbe80454e690/css/2gethr-website.webflow.ec2984aba.min.css]
[ajax.googleapis.com/ajax/libs/webfont/1.6.26/webfont.js]
[uploads-ssl.webflow.com/5d9f64ed50ffcbe80454e690/5ddeabb3a56dd06be2058128_2gethr_ Favicon_32x32.jpg]
[uploads-ssl.webflow.com/5d9f64ed50ffcbe80454e690/5ddeabf7cf00bd63099e363b_2gethr_Logo_ 256x 256.jpg]
[cdn.jsdelivr.net/npm/@finsweet/attributes-cmscombine@1/cmscombine.js]
[www.2gethr.xyz/managed-office.html]
[www.2gethr.xyz/coworking.html]
[www.2gethr.xyz/blogs.html]
[www.2gethr.xyz/brokers.html]
[www.2gethr.xyz/events.html]
[www.2gethr.xyz/post/light-at-work-a-guide-to-lighting-at-2gethr-orr.html]
[uploads-ssl.webflow.com/5d9f64ed50ffcbe80454e690/632d9607177e4930cf2b42b5_631b564da304e948b475a86d_20-p-2000.jpg]
[www.2gethr.xyz/post/people-first-work-cultures-the-dream-scenario.html]
[uploads-ssl.webflow.com/5d9f64ed50ffcbe80454e690/6306155e26f4bbc27badaaed_sssss.jpg]
[www.2gethr.xyz/schedule-a-visit.html]
[uploads-ssl.webflow.com/632183d1f8aee13b41e98c40/63285208c5bca937abec8d5a_29.jpg]
[uploads-ssl.webflow.com/632183d1f8aee13b41e98c40/6321a83376706811b25940ef_6310e44ea9034ba16821c0a3_Group 27.png]
[uploads-ssl.webflow.com/632183d1f8aee13b41e98c40/6321a8329298aacc4a1f7bde_6310e44ef10443161b261c77_Group 28.png]
[uploads-ssl.webflow.com/632183d1f8aee13b41e98c40/6321a8339298aaec311f7bdf_6310e308665f7a1dd98cdffd_Group 12.png]
[uploads-ssl.webflow.com/632183d1f8aee13b41e98c40/6321acc7767068c3e2596380_Group 26.png]
[uploads-ssl.webflow.com/632183d1f8aee13b41e98c40/632191e8df394995df733d52_6310e309219398adc40c0798_Group 24.png]
[uploads-ssl.webflow.com/632183d1f8aee13b41e98c40/632191e833a864a1aca3cca6_6310e3099a75ad6252f27704_Group 21.png]
[uploads-ssl.webflow.com/632183d1f8aee13b41e98c40/632191e8767068fe27587cf4_6310e30987a47d77bbda8733_Group 25.png]
[uploads-ssl.webflow.com/632183d1f8aee13b41e98c40/6321a9f00dc0fb645ee1c4d2_62f396df6d43f208ad172928_23-p-1080.jpg]
[uploads-ssl.webflow.com/632183d1f8aee13b41e98c40/6321a9ef8fcc56cdc4d29970_631090a905bc51378f6d7559_DSC_2168_E Large-p-500.jpg]
[uploads-ssl.webflow.com/632183d1f8aee13b41e98c40/6321a9ef74ed9a392796f29d_631090a969871407b8e8571b_DSC_2085_E Large-p-500.jpg]
[uploads-ssl.webflow.com/632183d1f8aee13b41e98c40/6321a9f0bf7b1e13b373e265_62f396de33f545dd0037b184_20-p-1080.jpg]
[uploads-ssl.webflow.com/632183d1f8aee13b41e98c40/6321a9ef56c25120e3c2336d_62f384157d04302991fbba4b_Cover Image-p-500.jpg]
[uploads-ssl.webflow.com/632183d1f8aee13b41e98c40/632820e0cd354ab96398604a__GGS4076.jpg]
[uploads-ssl.webflow.com/632183d1f8aee13b41e98c40/6321ae8c9298aa6ff01faa74_60b74eb2c7d006745ae1430c_2018-01-28 01.03 2-min.jpg]
[uploads-ssl.webflow.com/5d9f64ed50ffcbe80454e690/630c6fbe78b48432c8921362_Group 7.png]
[uploads-ssl.webflow.com/5d9f64ed50ffcbe80454e690/630c6fe7d7b1943cf72e83e5_Group 8.png]
[uploads-ssl.webflow.com/632183d1f8aee13b41e98c40/63281ffe94f47a42a20c3ec1_sss.png]
[uploads-ssl.webflow.com/632183d1f8aee13b41e98c40/63281feb46b53632ef9cd734_daas.png]
[uploads-ssl.webflow.com/5d9f64ed50ffcbe80454e690/632de5de78004546546ed414_Digio.svg.png]
[uploads-ssl.webflow.com/5d9f64ed50ffcbe80454e690/62fa59405ac3eb81f52cfe00_https---s3.amazonaws.com-appforest_uf-f1639649816567x391708987449530600-Ellipse%2045.png]
[uploads-ssl.webflow.com/5d9f64ed50ffcbe80454e690/632de5de8e38bb6804b09c52_Factspan.png]
[uploads-ssl.webflow.com/5d9f64ed50ffcbe80454e690/632de5df99fad7a246a8373d_Zepto.png]
[uploads-ssl.webflow.com/5d9f64ed50ffcbe80454e690/632de5df410a2f05e55d678f_Quantum.svg.png]
[uploads-ssl.webflow.com/5d9f64ed50ffcbe80454e690/632de5df705feb474719df4b_Zinier.png]
[uploads-ssl.webflow.com/5d9f64ed50ffcbe80454e690/632de5df308f0620653c7774_UpUGo.png]
[uploads-ssl.webflow.com/5d9f64ed50ffcbe80454e690/632de5df10159a2aff52fb62_Hubilo_Logo.jpg]
[uploads-ssl.webflow.com/5d9f64ed50ffcbe80454e690/632de5df1b000eb2e384eb8b_Puma.png]
[uploads-ssl.webflow.com/5d9f64ed50ffcbe80454e690/632de5de99fad757c5a8373c_21 North.png]
[uploads-ssl.webflow.com/5d9f64ed50ffcbe80454e690/632de5de6ed6cb17919e66a2_HealthPlix.png]
[uploads-ssl.webflow.com/5d9f64ed50ffcbe80454e690/632de5de95ae05129fdb4dc0_DMG.png]
[uploads-ssl.webflow.com/5d9f64ed50ffcbe80454e690/632de5de705febea1b19df45_Hubble.png]
[uploads-ssl.webflow.com/5d9f64ed50ffcbe80454e690/632de5def93d2a2550437508_Bluevine.png]
[www.2gethr.xyz/post/genz-at-workplace.html]
[uploads-ssl.webflow.com/632183d1f8aee13b41e98c40/63282212f8acef20c07eca77_DSC07269.jpg]
[www.2gethr.xyz/post/how-gamification-can-revolutionize-work-culture.html]
[uploads-ssl.webflow.com/632183d1f8aee13b41e98c40/632822bc2b475a312ab218cc_gdsfd.jpg]
[www.2gethr.xyz/post/get-co-working-on-your-networking.html]
[uploads-ssl.webflow.com/632183d1f8aee13b41e98c40/63282369722a329bbcee98a9_61729ee9cdd1544fbcb3fc6a_DSC_0056-p-2000.jpg]
[www.2gethr.xyz/privacy-policy.html]
[uploads-ssl.webflow.com/5d9f64ed50ffcbe80454e690/630c6765463af579e184bd86_twitter.png]
[uploads-ssl.webflow.com/5d9f64ed50ffcbe80454e690/630c6765463af5575f84bd82_youtube.png]
[uploads-ssl.webflow.com/5d9f64ed50ffcbe80454e690/63c69a4de766d6827579df21_instagram.png]
[uploads-ssl.webflow.com/5d9f64ed50ffcbe80454e690/630c6765463af5bcfd84bd8c_linkedin_square.png]
[d3e54v103j8qbb.cloudfront.net/js/jquery-3.5.1.min.dc5e7f18c83c7c.js]
[www.2gethr.xyz/index.html]
[uploads-ssl.webflow.com/5d9f64ed50ffcbe80454e690/css/2gethr-website.webflow.ec2984aba.min.css]
[uploads-ssl.webflow.com/5d9f64ed50ffcbe80454e690/js/webflow.98de8f683.js]
[uploads-ssl.webflow.com/5d9f64ed50ffcbe80454e690/632dd3895bba6555ce54d349_Group 204.png]
[uploads-ssl.webflow.com/5d9f64ed50ffcbe80454e690/632dd3895bba65c66354d340_Group 203.png]
[uploads-ssl.webflow.com/5d9f64ed50ffcbe80454e690/630cac8534fef619963e4019_hgfdsjh.jpg]
[uploads-ssl.webflow.com/5d9f64ed50ffcbe80454e690/630cac85cf47ced9f07238cf_jyuhg.jpg]
[uploads-ssl.webflow.com/5d9f64ed50ffcbe80454e690/630cac8581ab108ae92ed554_hkymhkymhy.jpg]
[uploads-ssl.webflow.com/5d9f64ed50ffcbe80454e690/630c688297b687c32da71555_Logo.png]
[uploads-ssl.webflow.com/5d9f64ed50ffcbe80454e690/630cb2b357c56a00f732b848_1660233901853.jpg]
[www.2gethr.xyz/post/into-the-galvanize-bangalore-workspace-a-case-study.html]
[uploads-ssl.webflow.com/5d9f64ed50ffcbe80454e690/630cac85a3e23b462b75b721_62c4110e30ee2c1863bf5e2b_2gethr_BIP_01 (1)-p-2000.jpg]
[www.2gethr.xyz/managed-office.html]
[uploads-ssl.webflow.com/5d9f64ed50ffcbe80454e690/6310e30afe4668920d144466_Group 16.png]
[uploads-ssl.webflow.com/5d9f64ed50ffcbe80454e690/6310e308348c656cc7adb6cf_Group 22.png]
[uploads-ssl.webflow.com/5d9f64ed50ffcbe80454e690/6310e30987e9c33d8a0f65a9_Group 23.png]
[uploads-ssl.webflow.com/5d9f64ed50ffcbe80454e690/62f397d8523cfa45f584db8d_21.jpg]
[uploads-ssl.webflow.com/5d9f64ed50ffcbe80454e690/5dcecad6792b967b40b7f802_8b97b8bc-3783-46f2-90f3-84ddbd4fd346-min.jpg]
[uploads-ssl.webflow.com/5d9f64ed50ffcbe80454e690/62f396df147093388d6c9019_3.jpg]
[uploads-ssl.webflow.com/5d9f64ed50ffcbe80454e690/62f396df6d43f208ad172928_23.jpg]
[uploads-ssl.webflow.com/5d9f64ed50ffcbe80454e690/62f396de09514d07de996d79_22.jpg]
[uploads-ssl.webflow.com/5d9f64ed50ffcbe80454e690/62f397d8e8660c13ca5847d9_26.jpg]
[uploads-ssl.webflow.com/5d9f64ed50ffcbe80454e690/62f396de33f545dd0037b184_20.jpg]
[uploads-ssl.webflow.com/5d9f64ed50ffcbe80454e690/5dd7fdd6c07b1631426996db_salsa.png]
[uploads-ssl.webflow.com/5d9f64ed50ffcbe80454e690/5dd7fdd6c07b166cfb6996da_yoga.png]
[uploads-ssl.webflow.com/5d9f64ed50ffcbe80454e690/5dd7fdd640149e8b026f3802_pottery.png]
[uploads-ssl.webflow.com/5d9f64ed50ffcbe80454e690/5e280bdc3cfa53319ec618bb_free2.jpg]
[uploads-ssl.webflow.com/5d9f64ed50ffcbe80454e690/6310a1c27d53a55cb011d20b_Screenshot 2022-09-01 at 5.41.21 PM.png]
[uploads-ssl.webflow.com/5d9f64ed50ffcbe80454e690/63109e5c5f2c06283219e56b_IMG_5992.jpg]
[uploads-ssl.webflow.com/5d9f64ed50ffcbe80454e690/6310a08450b2fb4098b9458e_IMG_8124_Original.jpg]
[uploads-ssl.webflow.com/5d9f64ed50ffcbe80454e690/63109f3f84e35b127155a76b_IMG_6297 (1).jpg]
[www.2gethr.xyz/coworking.html]
[www.2gethr.xyz/post/the-key-to-a-productivity-centric-workspace-inside-tekion-india-hq-bengaluru.html]
[uploads-ssl.webflow.com/5dced580792b96785fb88093/6465a25a81326d2617ebd6cf_Tekion View 02.jpg]
[www.2gethr.xyz/post/managed-workspace-the-headstart-to-staying-ahead.html]
[uploads-ssl.webflow.com/5dced580792b96785fb88093/641be0cf200c8254d63c697c_13_03_2020_LOBBY_GALVANIZE_02.jpg]
[www.2gethr.xyz/post/harnessing-the-power-of-color-at-the-workplace.html]
[uploads-ssl.webflow.com/5dced580792b96785fb88093/63f6655e9299b0f0720fbd06_22A.jpg]
[www.2gethr.xyz/post/the-esg-revolution-navigating-the-path-towards-sustainability.html]
[uploads-ssl.webflow.com/5dced580792b96785fb88093/63c6c4d67b0f91e25f92f280_IMG_9997.jpg]
[www.2gethr.xyz/post/sustainability-is-going-big-in-2023-heres-why.html]
[www.2gethr.xyz/post/co-working-paving-the-way-for-managed-office-the-2gethr-hsr-story.html]
[uploads-ssl.webflow.com/5dced580792b96785fb88093/63bf99c67842c5956097316b_Image (11) Large.jpg]
[www.2gethr.xyz/post/a-designers-guide-to-people-first-workspaces.html]
[uploads-ssl.webflow.com/5dced580792b96785fb88093/63ad284c32bfdb04d22052fd__GGS0932.jpg]
[www.2gethr.xyz/post/a-glimpse-into-the-samsung-em-bengaluru-workspace-case-study.html]
[uploads-ssl.webflow.com/5dced580792b96785fb88093/63919ad04f4fe8aa9fa39c46_S001_V2.jpg]
[www.2gethr.xyz/post/prediction-for-the-future-of-workplaces-in-india.html]
[uploads-ssl.webflow.com/5dced580792b96785fb88093/636c851fbaa7571a5c12c762_Image 44.jpg]
[www.2gethr.xyz/post/managed-offices-the-evolution-of-workspaces.html]
[uploads-ssl.webflow.com/5dced580792b96785fb88093/6332f2f2bbb7704f99f672fd_bf7593b4-3fab-4695-a42e-854e2054dc97.jpg]
[uploads-ssl.webflow.com/5dced580792b96785fb88093/631b564da304e948b475a86d_20.jpg]
[uploads-ssl.webflow.com/5dced580792b96785fb88093/63072f6a602d4c5a0c88a3d6_DSC07269.jpg]
[www.2gethr.xyz/post/the-2gethr-orr-story.html]
[uploads-ssl.webflow.com/5dced580792b96785fb88093/6303cfe16a06546fbb507694_1 (4).jpg]
[www.2gethr.xyz/post/essential-tips-by-hrs-that-every-professional-should-read.html]
[uploads-ssl.webflow.com/5dced580792b96785fb88093/62d284be459b1061adae5ceb_24.jpg]
[uploads-ssl.webflow.com/5dced580792b96785fb88093/62c4110e30ee2c1863bf5e2b_2gethr_BIP_01 (1).jpg]
[www.2gethr.xyz/post/a-guide-to-acing-the-interview-to-your-dream-job.html]
[uploads-ssl.webflow.com/5dced580792b96785fb88093/62ab22970c0ee52a5e1d7a44__GGS3971.jpg]
[www.2gethr.xyz/post/the-secrets-to-making-a-cv-that-gets-you-the-job-you-want.html]
[uploads-ssl.webflow.com/5dced580792b96785fb88093/62a333b7a1627b7e99566ce7_2018-01-30 04.15.20.jpg]
[www.2gethr.xyz/post/co-working-space-vs-managed-office-vs-traditional-office-the-ultimate-guide-2022.html]
[uploads-ssl.webflow.com/5dced580792b96785fb88093/62a061c36fdf35fd16e80f25_vs.jpg]
[www.2gethr.xyz/post/power-of-breaking-bread-together.html]
[uploads-ssl.webflow.com/5dced580792b96785fb88093/627a098a5e56e579c0e5ba0d_blog.jpg]
[uploads-ssl.webflow.com/5dced580792b96785fb88093/618e1c1ec0f0ce38dee3b985_2010-01-01 15.14.29 - compressed.jpg]
[www.2gethr.xyz/post/staying-clean-safe-while-you-cowork.html]
[uploads-ssl.webflow.com/5dced580792b96785fb88093/617a595dbc5fb73b69c1685b_2018-01-30 04.11.22.jpg]
[www.2gethr.xyz/post/open-your-spaces-to-the-tech-age.html]
[uploads-ssl.webflow.com/5dced580792b96785fb88093/61487318c9f753c72eafccbe_16.jpg]
[uploads-ssl.webflow.com/5dced580792b96785fb88093/61729ee9cdd1544fbcb3fc6a_DSC_0056.jpg]
[www.2gethr.xyz/post/hybrid-workforces-show-up-for-health.html]
[uploads-ssl.webflow.com/5dced580792b96785fb88093/61363fa62b9273df4cf6a8fa_22.jpg]
[uploads-ssl.webflow.com/5dced580792b96785fb88093/6151929d8a5216769f5762fb_9.jpg]
[www.2gethr.xyz/post/why-work-from-home-can-never-be-the-new-normal.html]
[uploads-ssl.webflow.com/5dced580792b96785fb88093/61518b893e961c429676fcba_nelly-antoniadou-9X1P46Y2KJo-unsplash.jpg]
[www.2gethr.xyz/post/why-millennials-suffer-from-imposter-syndrome-how-it-affects-their-productivity.html]
[www.2gethr.xyz/post/why-coworking-could-be-the-best-work-decision-you-ever-made.html]
[www.2gethr.xyz/post/why-office-humour-is-the-key-to-employee-engagement.html]
[uploads-ssl.webflow.com/5dced580792b96785fb88093/611e6794b774a46f06c3791d_DSC_0399-min.jpg]
[www.2gethr.xyz/post/why-do-hybrid-workplaces-need-company-culture.html]
[uploads-ssl.webflow.com/5dced580792b96785fb88093/611a16ea8463dbf4d50e8cf5_8.jpg]
[www.2gethr.xyz/post/coworking-is-the-new-reality-for-hybrid-organizations.html]
[uploads-ssl.webflow.com/5dced580792b96785fb88093/6113eec5f4814cb3ce7c770a_3.jpg]
[www.2gethr.xyz/post/7-ways-to-boost-your-productivity-in-a-hybrid-world.html]
[uploads-ssl.webflow.com/5dced580792b96785fb88093/60eca6874568894cfba83a74_andreas-klassen-gZB-i-dA6ns-unsplash.jpg]
[www.2gethr.xyz/post/can-coworking-spaces-improve-employee-engagement.html]
[uploads-ssl.webflow.com/5dced580792b96785fb88093/60eca1caef0b47e926bc57f3__MG_6870.jpg]
[www.2gethr.xyz/post/why-coworking-spaces-hybrid-work-culture-are-made-for-each-other.html]
[uploads-ssl.webflow.com/5dced580792b96785fb88093/60dc929bfeaff8268e5220bc__GGS1033-2.jpg]
[www.2gethr.xyz/post/why-you-need-to-hop-on-the-coworking-train.html]
[uploads-ssl.webflow.com/5dced580792b96785fb88093/60d82fefe415513dd5a1d985_2gethr Coworking Bangalore.jpg]
[www.2gethr.xyz/post/well-certified-co-working-spaces.html]
[uploads-ssl.webflow.com/5dced580792b96785fb88093/601d1fdbba5b54f32c2fc2ec_0 - blog.jpg]
[www.2gethr.xyz/post/level-up-your-teams-performance.html]
[uploads-ssl.webflow.com/5dced580792b96785fb88093/601d029e464dc69b72275322_2010-01-01 14.50.32 - blog.jpg]
[www.2gethr.xyz/post/superwoman.html]
[uploads-ssl.webflow.com/5dced580792b96785fb88093/601cf44f37ba397374d2ce88_IMG_8729 - Copy.jpg]
[www.2gethr.xyz/post/health-safety-rated.html]
[uploads-ssl.webflow.com/5dced580792b96785fb88093/607817e988c88c11b6fbd458_2.jpg]
[www.2gethr.xyz/blogs7b53.html]
[www.2gethr.xyz/a-post-covid-19-workspace.html]
[uploads-ssl.webflow.com/5d9f64ed50ffcbe80454e690/5dd3bddb7cb9572daf423cdc_olxpeople.png]
[uploads-ssl.webflow.com/5d9f64ed50ffcbe80454e690/61826e38a7bbc92f59c692b7_Frame 106.jpg]
[uploads-ssl.webflow.com/5d9f64ed50ffcbe80454e690/61826e01d9487d02a7541707_1200px-EY_logo_2019 1.png]
[uploads-ssl.webflow.com/5d9f64ed50ffcbe80454e690/5dd7a79f4e896aa74d48f2e0_21.png]
[uploads-ssl.webflow.com/5d9f64ed50ffcbe80454e690/61826eb6a30c8fa78a30e416_wooqer.png]
[www.2gethr.xyz/blogs.html]
[www.2gethr.xyz/brokers.html]
[uploads-ssl.webflow.com/5d9f64ed50ffcbe80454e690/62f397d8bb866a29f663d586_6.jpg]
[www.2gethr.xyz/events.html]
[cdn.social9.com/js/socialshare.min.js]
[uploads-ssl.webflow.com/5dced580792b96785fb88093/631b539ea304e9fe08758a5e_7 Large.jpg]
[uploads-ssl.webflow.com/5dced580792b96785fb88093/631b541c61e3bd11f7f7eae0_10A Large.jpg]
[uploads-ssl.webflow.com/5dced580792b96785fb88093/631b54f72329ebadddb3b083_1.jpg]
[uploads-ssl.webflow.com/5dced580792b96785fb88093/631b556552014c210389518c_15 Large.jpg]
[www.2gethr.xyz/post/light-at-work-a-guide-to-lighting-at-2gethr-orr.html]
[www.2gethr.xyz/post/people-first-work-cultures-the-dream-scenario.html]
[cdn.jsdelivr.net/npm/pikaday/css/pikaday.css]
[www.2gethr.xyz/schedule-a-visit.html]
[cdn.jsdelivr.net/npm/pikaday/pikaday.js]
[uploads-ssl.webflow.com/5dced580792b96785fb88093/6306311828686d9ce0bec8c2_DSC07313 (1) Large.jpg]
[uploads-ssl.webflow.com/5dced580792b96785fb88093/6306316ccc13c1d330a9cff5_DSC07311 Large.jpg]
[www.2gethr.xyz/post/genz-at-workplace.html]
[www.2gethr.xyz/post/how-gamification-can-revolutionize-work-culture.html]
[www.2gethr.xyz/post/get-co-working-on-your-networking.html]
[www.2gethr.xyz/privacy-policy.html]
[uploads-ssl.webflow.com/5dced580792b96785fb88093/62c54c52ee8f26244e75ce51_13_03_2020_REC_03_GALVANIZE_.jpg]
[uploads-ssl.webflow.com/5dced580792b96785fb88093/62c54c76ac098cd9e192c364_2gethr_BIP_01 (1).jpg]
[uploads-ssl.webflow.com/5dced580792b96785fb88093/61518fe690a23915ef05a9be_Dke9jbqho9WIPBrQ_jtQW5dwgPykTIYha_ryzje1SHRlzHyte8vUoHjKpNogMd4ZlFGjQAN_hjOI9ouYMo6joqtlsUD44EUMXJFzSHdHSwKjAw7JiN77KrG2jBCkn3Lc1cV0L-Qj=s]
[uploads-ssl.webflow.com/5dced580792b96785fb88093/62c5676df21278314664050d_Screenshot 2022-06-29 at 3.41.38 PM.jpg]
[uploads-ssl.webflow.com/5dced580792b96785fb88093/62c566e8b960efc1c4222410_2gethr_BIP_02 (1).jpg]
[uploads-ssl.webflow.com/5dced580792b96785fb88093/62c567e3fe06ca28a4915cbb_2gethr_BIP_03 (1).jpg]
[uploads-ssl.webflow.com/5dced580792b96785fb88093/62c568c2b960efeb76222ed2_13_03_2020_WS2_GALVANIZE_.jpg]
[uploads-ssl.webflow.com/5dced580792b96785fb88093/62c568fa5edd0eb366a85a27_b73a51eb-4bc2-4e87-8a10-4382ab1f3ea1.jpg]
[uploads-ssl.webflow.com/5dced580792b96785fb88093/62c56921a809c161c4d670b1_2gethr_BIP_04.jpg]
[uploads-ssl.webflow.com/5dced580792b96785fb88093/62c56972848412716a0b2af5_12-03-2020_2GETHR_GALVANIZE_C4.jpg]
[uploads-ssl.webflow.com/5dced580792b96785fb88093/62c569a7a9d2d80e79ff4589_2gethr_BIP_05.jpg]
[uploads-ssl.webflow.com/5dced580792b96785fb88093/62c569c768523dd579a64172_59f9e823-c704-4871-aaab-2e4a67e626c6.jpg]
[uploads-ssl.webflow.com/5dced580792b96785fb88093/62c56a1fa9d2d83b09ff49ba_Screenshot 2022-06-29 at 2.50.24 PM.jpg]
[uploads-ssl.webflow.com/5dced580792b96785fb88093/62c56a3f9221d14bace3fdc6_7c5a992e-319b-4875-9983-aed8d8d3a533.jpg]
[uploads-ssl.webflow.com/5dced580792b96785fb88093/62c56a7c9f20e28f35084132_Screenshot 2022-06-29 at 4.00.28 PM.png]
[www.2gethr.xyz/post/into-the-galvanize-bangalore-workspace-a-case-study.html]
[uploads-ssl.webflow.com/5dced580792b96785fb88093/6465a38dd5b2d828340cdb5e_Ws Day 1.png]
[uploads-ssl.webflow.com/5dced580792b96785fb88093/6465a40f6db8fedd89957cb9_work.png]
[uploads-ssl.webflow.com/5dced580792b96785fb88093/6465a531ca024e92792be0b1_Scrum 02-min.png]
[uploads-ssl.webflow.com/5dced580792b96785fb88093/6465a5661614f2a7c42a5101_Support Area 01-min.png]
[uploads-ssl.webflow.com/5dced580792b96785fb88093/6465a5863dc2519158ed9b9d_Opt 02.jpg]
[uploads-ssl.webflow.com/5dced580792b96785fb88093/6465a5c9a6f9884b926221eb_cafe-06-min.png]
[uploads-ssl.webflow.com/5dced580792b96785fb88093/6465a5e4317cf4d381dbdedf_Pantry 01D-min.png]
[uploads-ssl.webflow.com/5dced580792b96785fb88093/6465a600ed5a82ccda18dbe2_cafe-01-min.png]
[uploads-ssl.webflow.com/5dced580792b96785fb88093/6465a61f3bef44b65da9c26a_02.jpg]
[www.2gethr.xyz/post/the-key-to-a-productivity-centric-workspace-inside-tekion-india-hq-bengaluru.html]
[uploads-ssl.webflow.com/5dced580792b96785fb88093/641be39956f61b76f757bb49_Screenshot 2023-03-23 at 10.54.12 AM.png]
[uploads-ssl.webflow.com/5dced580792b96785fb88093/641be3ccc240b16b862fc2cc_Screenshot 2023-03-23 at 10.54.24 AM.png]
[uploads-ssl.webflow.com/5dced580792b96785fb88093/641be42f74e097bba0faf8cc_Screenshot 2023-03-23 at 10.54.49 AM.png]
[www.2gethr.xyz/post/managed-workspace-the-headstart-to-staying-ahead.html]
[uploads-ssl.webflow.com/5dced580792b96785fb88093/63f665f9998c563900227140_Screenshot 2023-02-23 at 12.27.59 AM.png]
[uploads-ssl.webflow.com/5dced580792b96785fb88093/63f666236e5a41f2aca42930_2.png]
[www.2gethr.xyz/post/harnessing-the-power-of-color-at-the-workplace.html]
[www.2gethr.xyz/post/the-esg-revolution-navigating-the-path-towards-sustainability.html]
[www.2gethr.xyz/post/sustainability-is-going-big-in-2023-heres-why.html]
[uploads-ssl.webflow.com/5dced580792b96785fb88093/63bf980379c8e2bc448da0f5_DSC_2191_E Large.jpg]
[uploads-ssl.webflow.com/5dced580792b96785fb88093/63bf9829465a403baace7a5f_DSC_2184_E Large.jpg]
[uploads-ssl.webflow.com/5dced580792b96785fb88093/63bf9838e38261b3d58e6f9e_DSC_2200_E Large.jpg]
[uploads-ssl.webflow.com/5dced580792b96785fb88093/63bf98451d393a6b70724e82_DSC_2202_E Large.jpg]
[uploads-ssl.webflow.com/5dced580792b96785fb88093/63bf98bee382617ce78e7466_DSC_2170_E Large.jpg]
[uploads-ssl.webflow.com/5dced580792b96785fb88093/63bf993b8f9ba169c8f7228d_DSC_2132_E Large.jpg]
[www.2gethr.xyz/post/co-working-paving-the-way-for-managed-office-the-2gethr-hsr-story.html]
[www.2gethr.xyz/post/a-designers-guide-to-people-first-workspaces.html]
[uploads-ssl.webflow.com/5dced580792b96785fb88093/63918cf37b7cd8bf58f92fc5_S002_V2.jpg]
[uploads-ssl.webflow.com/5dced580792b96785fb88093/63918d56b654ac081caa3aaf_DSC00161.jpg]
[uploads-ssl.webflow.com/5dced580792b96785fb88093/63918d8c427fa13a4ab5caeb_S009.jpg]
[uploads-ssl.webflow.com/5dced580792b96785fb88093/63918dbd7ac2b540d31bde48_S007.jpg]
[uploads-ssl.webflow.com/5dced580792b96785fb88093/63918df44304617575a63977_DSC00266.jpg]
[uploads-ssl.webflow.com/5dced580792b96785fb88093/63918e29b8bb213dc9d9f87c_S003.jpg]
[uploads-ssl.webflow.com/5dced580792b96785fb88093/63918e40b726bab5b7ed004b_S004_V2.jpg]
[uploads-ssl.webflow.com/5dced580792b96785fb88093/63918e9dafa14e81eb06ae1e_S008.jpg]
[www.2gethr.xyz/post/a-glimpse-into-the-samsung-em-bengaluru-workspace-case-study.html]
[uploads-ssl.webflow.com/5dced580792b96785fb88093/636c858834d44aa64c4b3ed1_Metaverse.jpg]
[uploads-ssl.webflow.com/5dced580792b96785fb88093/636c8564baa757824412c832_holistic office.jpg]
[uploads-ssl.webflow.com/5dced580792b96785fb88093/636c857e9d8af3c5d0259a8e_appification.jpg]
[uploads-ssl.webflow.com/5dced580792b96785fb88093/636c85b99d8af3381e259eb2_sustainability.jpg]
[uploads-ssl.webflow.com/5dced580792b96785fb88093/636c85a7653cb23f78f0129d_reskilling.jpg]
[www.2gethr.xyz/post/prediction-for-the-future-of-workplaces-in-india.html]
[www.2gethr.xyz/post/managed-offices-the-evolution-of-workspaces.html]
[uploads-ssl.webflow.com/5dced580792b96785fb88093/6332f32df0e62d6253d1c7b7_97GB5EJsBNIH4fvS_8MLSyJo5EaBcVJ32M00ewkcc2oZHT223zznoakPdY8Qa0rtIQcIyYTGRTiDI1-tAs3SemVh7EUOndoKcWI9uYZeLE2FFtmHukHFlAGiri42xM9OoowuZty_R4]
[uploads-ssl.webflow.com/5dced580792b96785fb88093/6332f32d40da6876e11fc65e_9FJg8wDLhf8zZ-Ec-pWs2kW48tbPSjmSr3kFjhw8Eano9f-GiipcvsvR-xLYAKODDMdLBPyOJsNUMezJOn_M92ESY2dwqNaidMtqGMwTeZT7DFSSptyO6nRO8MyaVUb9A2XwW6wb-F]
[uploads-ssl.webflow.com/5dced580792b96785fb88093/6332f32f908eaa67c390e235_OfWvtRMZHHUDEb4LPtoFAyGwqWB-xvdWbm6c0WotoMR9rQz_Jer1JtAajqIMaZYTy87RhgydHpJRznPCK2BV21aNYaeqIC3BtBkBve2WEnQdSFdmXCxRKYgXZLQD02UCEFNGz6K2Bq]
[uploads-ssl.webflow.com/5dced580792b96785fb88093/6332f32fd36d04c403af887b_z40sGD2NoHCkFGAUq5B0VNFgmq8cj8j7ZQ5O1RiUi__IQNGHPgw-UjqVYpVIfRvwCb51WqrIixuwDOHN-F7tW8JYzx2zDc5qmygFaIlPQU_2XsePMfp5IKYw3UGRJ2ix7dpcsh3nVa]
[uploads-ssl.webflow.com/5dced580792b96785fb88093/6303d07b122cce757ca2b302_3A.jpg]
[uploads-ssl.webflow.com/5dced580792b96785fb88093/6303d0afba188232aca687c2_6 (3) Large.jpg]
[uploads-ssl.webflow.com/5dced580792b96785fb88093/6303d0e7a73b729fb3ecd77e_5 (5) Large.jpg]
[uploads-ssl.webflow.com/5dced580792b96785fb88093/6303d140ac19c8cec6c811cb_9 Large.jpg]
[uploads-ssl.webflow.com/5dced580792b96785fb88093/6303d1665cd46a334f53ed5c_16 Large.jpg]
[uploads-ssl.webflow.com/5dced580792b96785fb88093/6303d19f1f9f337ad0a3c7cb_22C Large.jpg]
[uploads-ssl.webflow.com/5dced580792b96785fb88093/6303d1da228d2fe46ef5f480_28 (2) Large.jpg]
[uploads-ssl.webflow.com/5dced580792b96785fb88093/6303d204912776850abfeebc_IMG_2481 Large.jpg]
[uploads-ssl.webflow.com/5dced580792b96785fb88093/6303d21f6ea16063c9796a3e_10 Large.jpg]
[uploads-ssl.webflow.com/5dced580792b96785fb88093/6303d243bb4b846aa5d650e0_11 Large.jpg]
[www.2gethr.xyz/post/the-2gethr-orr-story.html]
[www.2gethr.xyz/post/essential-tips-by-hrs-that-every-professional-should-read.html]
[www.2gethr.xyz/post/a-guide-to-acing-the-interview-to-your-dream-job.html]
[uploads-ssl.webflow.com/5dced580792b96785fb88093/62a33660ec6373a6896a1bad_Untitled design (8).png]
[www.2gethr.xyz/post/the-secrets-to-making-a-cv-that-gets-you-the-job-you-want.html]
[www.2gethr.xyz/post/co-working-space-vs-managed-office-vs-traditional-office-the-ultimate-guide-2022.html]
[uploads-ssl.webflow.com/5dced580792b96785fb88093/62a05b33a86dd7ff01916388_8bghQ04Dbg5Hr9XsFyrZtLvmugYXv3SvYGqhC6DD4_cEPwoWtFPBzmbsxJgC_AR9SXvMJOOGsmWYEzrhV42O7a3rccD1OllqERdrjvfDwbuTbC5ku83od9WSJyh6SXdabaEGwMK1gx]
[uploads-ssl.webflow.com/5dced580792b96785fb88093/62a05b34554ad98a2c8f453a_-AJGcwvj0iWKPfRNJV5kqWYO7MUjnQdI16NoNyvp-4Zx5A5RGHKZPGeh3FqJFH5ktX2NVBcaUc8hi07uQB148yUGD3K6CJSXtvxkeFqOFCoqE6QdzMhIh_zBVe9eVcg-OI5DiVFFPl]
[uploads-ssl.webflow.com/5dced580792b96785fb88093/62a05b330ddc54a00cf9a397_of8rGeR9xnF2zAbO1iC0r2IornPESIfLYzTSjDDoQrmpNTtcgSebDqv15WwpiLb58m80U2oWGchVvuoPauftFJx1SLNwv4BRyG_d79EaON9bK2jo9vQ6J_UKWYJXpIs5NvYLLLLJNd]
[www.2gethr.xyz/post/power-of-breaking-bread-together.html]
[uploads-ssl.webflow.com/5dced580792b96785fb88093/62a05b34a8121356f429656c_W6d2blkwkrXAoCKM_3ijDPR0o7o0j_TsA5byogrZOYJ5CkQrbxuboB2KU8GwKoowyKzpXJBHTuV3A87vfBLviVKlnQnKelOH8dN5FKqMoIBZnj5ALs2JL37Fe6AD0Y2DGoOVZyVOJX]
[uploads-ssl.webflow.com/5dced580792b96785fb88093/62a05b3386c748ed828e9deb_mKIL0gAFCz6ZGuyf9aYrwRApAU23EJ5YId7YH9J3FsCSoZ22AXxJrW3tj8SxfNaTBGt4vxN2q5qvco2cjhOcq-50_X-isW5RGqV9pL_RydwYn01-y-qxB7_LEv0i1K0sunVH3ZDhqP]
[www.2gethr.xyz/post/staying-clean-safe-while-you-cowork.html]
[www.2gethr.xyz/post/open-your-spaces-to-the-tech-age.html]
[www.2gethr.xyz/post/hybrid-workforces-show-up-for-health.html]
[www.2gethr.xyz/post/why-work-from-home-can-never-be-the-new-normal.html]
[www.2gethr.xyz/post/why-millennials-suffer-from-imposter-syndrome-how-it-affects-their-productivity.html]
[www.2gethr.xyz/post/why-coworking-could-be-the-best-work-decision-you-ever-made.html]
[www.2gethr.xyz/post/why-office-humour-is-the-key-to-employee-engagement.html]
[www.2gethr.xyz/post/why-do-hybrid-workplaces-need-company-culture.html]
[www.2gethr.xyz/post/coworking-is-the-new-reality-for-hybrid-organizations.html]
[www.2gethr.xyz/post/7-ways-to-boost-your-productivity-in-a-hybrid-world.html]
[www.2gethr.xyz/post/can-coworking-spaces-improve-employee-engagement.html]
[www.2gethr.xyz/post/why-coworking-spaces-hybrid-work-culture-are-made-for-each-other.html]
[www.2gethr.xyz/post/why-you-need-to-hop-on-the-coworking-train.html]
[www.2gethr.xyz/post/well-certified-co-working-spaces.html]
[www.2gethr.xyz/post/level-up-your-teams-performance.html]
[uploads-ssl.webflow.com/5dced580792b96785fb88093/617a5770bb2dc7215457a1a4_sNhj7aOahqakILvNKh32DGguHDP5tc_9z7l7Boe1MoUdu7WzzSRN5dQOLIfRN43jo10Y7ZwF4Tz2_BoazmnHxju6j67OcnUDtV9AcYsZEyoJitcGnLHGp6_i8r4DpT4UA663sdwv.f]
[uploads-ssl.webflow.com/5dced580792b96785fb88093/601cf5a0092c6cbc89610c9b_IMG_8692 - Copy.jpg]
[uploads-ssl.webflow.com/5dced580792b96785fb88093/6155b64e6fa83ad42d554a9c_N5duX0BSNFJSMV6ytX9ZReBrRF55rnlELVNdiSUmUALFYkiS7qS8Q_1PyXN5dr1HQInNC1Qf3YeZdoeaD2Li7xqwI6p_xCLkH9wLywB5g11E1rcq1IE9-2Dtl1sIsgyiZeU4PqgO=s]
[uploads-ssl.webflow.com/5dced580792b96785fb88093/601cf5fba8de63b0448ce4ec_IMG_8826.jpg]
[www.2gethr.xyz/post/superwoman.html]
[uploads-ssl.webflow.com/5dced580792b96785fb88093/601a802ae03bc21ae1a22119_1_wa4hm8aFeJW3xjEs6i0qjA.jpg]
[www.2gethr.xyz/post/health-safety-rated.html]
[www.2gethr.xyz/post/home-offices-fail.html]
[uploads-ssl.webflow.com/5dced580792b96785fb88093/601cdfc0f9edabcea4b0ca3b_pexels-ketut-subiyanto-4473893.jpg]
[www.2gethr.xyz/post/humanizing-workspaces.html]
[www.2gethr.xyz/blogs70ac.html]
[www.2gethr.xyz/blogs7b53.html]
[www.2gethr.xyz/old-home.html]
[www.2gethr.xyz/book-an-experience.html]
[www.2gethr.xyz/_https_/uploads-ssl.webflow.com/5d9f64ed50ffcbe80454e690/5ed84f8802c24b7fee9d4280_COVID-bgMin-poster-00001.jpg_]
[uploads-ssl.webflow.com/5d9f64ed50ffcbe80454e690/5ed7344d01927f0980cd7d70_meetingRooms.jpg]
[uploads-ssl.webflow.com/5d9f64ed50ffcbe80454e690/5ed7344d91357167e7a9a08b_desks.jpg]
[uploads-ssl.webflow.com/5d9f64ed50ffcbe80454e690/5ed7344c5855ee25665857b2_highTouch.jpg]
[uploads-ssl.webflow.com/5d9f64ed50ffcbe80454e690/5ed7344bf8c57ff6c9b33e18_pantry.jpg]
[www.2gethr.xyz/_https_/uploads-ssl.webflow.com/5d9f64ed50ffcbe80454e690/5ed7353fa37f0600d89b6897_2gethrPM-2-2-poster-00001.jpg_]
[www.2gethr.xyz/a-post-covid-19-workspace.html]
[cdn.jsdelivr.net/npm/pikaday/css/pikaday.css]
[www.microsoft.com/en-us/microsoft-365/blog/wp-content/uploads/sites/2/2020/07/MSFT_RWTR_Visual3_W2_1200x627.png]
[uploads-ssl.webflow.com/5dced580792b96785fb88093/601ce183fb3de6c4b05590c8_giphy (2).gif]
[uploads-ssl.webflow.com/5dced580792b96785fb88093/601ce18b9d90b7735ef478b0_giphy (1).gif]
[uploads-ssl.webflow.com/5dced580792b96785fb88093/601ce11177bd806ac37f7cf6_giphy.gif]
[www.2gethr.xyz/post/home-offices-fail.html]
[uploads-ssl.webflow.com/5dced580792b96785fb88093/601d0399464dc6783e281706_GIF01.gif]
[uploads-ssl.webflow.com/5dced580792b96785fb88093/601d03c5d73d755c82663b04_GIF02.gif]
[www.2gethr.xyz/post/humanizing-workspaces.html]
[www.2gethr.xyz/blogs70ac.html]
[uploads-ssl.webflow.com/5dced580792b96785fb88093/5ef6d2348382e08461e90569_about-picture-min.jpg]
[uploads-ssl.webflow.com/5dced580792b96785fb88093/5ddaace856a2d64cc757f5e7_pottery.png]
[uploads-ssl.webflow.com/5dced580792b96785fb88093/5ddaacc3cd7d37088b208eef_salsa.png]
[uploads-ssl.webflow.com/5dced580792b96785fb88093/5ddaabbfcd7d37777b20854b_yoga.png]
[cdn.jsdelivr.net/npm/locomotive-scroll@3.5.4/dist/locomotive-scroll.css]
[www.2gethr.xyz/old-home.html]
[cdn.jsdelivr.net/npm/locomotive-scroll@4.1.1/dist/locomotive-scroll.min.js]
[uploads-ssl.webflow.com/5d9f64ed50ffcbe80454e690/60b74eb2c7d006745ae1430c_2018-01-28 01.03 2-min.jpg]
[www.2gethr.xyz/book-an-experience.html]
[www.2gethr.xyz/_https_/uploads-ssl.webflow.com/5d9f64ed50ffcbe80454e690/5ed84f8802c24b7fee9d4280_COVID-bgMin-poster-00001.html]
[www.2gethr.xyz/_https_/uploads-ssl.webflow.com/5d9f64ed50ffcbe80454e690/5ed7353fa37f0600d89b6897_2gethrPM-2-2-poster-00001.html]
[www.googletagmanager.com/gtm5445.html]
[cdn.jsdelivr.net/npm/locomotive-scroll@3.5.4/dist/locomotive-scroll.css]
